INFO [2025-06-06 16:07:49] $x
INFO [2025-06-06 16:07:49] list(Morphological = seed.taxa, Genetic = genetic.taxa)
INFO [2025-06-06 16:07:49] 
INFO [2025-06-06 16:07:49] $category.names
INFO [2025-06-06 16:07:49] c("Morpholigal Data", "Genetic Data")
INFO [2025-06-06 16:07:49] 
INFO [2025-06-06 16:07:49] $filename
INFO [2025-06-06 16:07:49] NULL
INFO [2025-06-06 16:07:49] 
INFO [2025-06-06 16:07:49] $output
INFO [2025-06-06 16:07:49] [1] TRUE
INFO [2025-06-06 16:07:49] 
INFO [2025-06-06 16:07:49] $col
INFO [2025-06-06 16:07:49] [1] "black"
INFO [2025-06-06 16:07:49] 
INFO [2025-06-06 16:07:49] $fill
INFO [2025-06-06 16:07:49] c("green", "darkgreen")
INFO [2025-06-06 16:07:49] 
INFO [2025-06-06 16:07:49] $alpha
INFO [2025-06-06 16:07:49] [1] 0.5
INFO [2025-06-06 16:07:49] 
INFO [2025-06-06 16:07:49] $label.col
INFO [2025-06-06 16:07:49] c("white", "white", "black")
INFO [2025-06-06 16:07:49] 
INFO [2025-06-06 16:07:49] $cex
INFO [2025-06-06 16:07:49] [1] 2
INFO [2025-06-06 16:07:49] 
INFO [2025-06-06 16:07:49] $fontfamily
INFO [2025-06-06 16:07:49] [1] "sans"
INFO [2025-06-06 16:07:49] 
INFO [2025-06-06 16:07:49] $cat.cex
INFO [2025-06-06 16:07:49] [1] 2
INFO [2025-06-06 16:07:49] 
INFO [2025-06-06 16:07:49] $cat.fontfamily
INFO [2025-06-06 16:07:49] [1] "sans"
INFO [2025-06-06 16:07:49] 
INFO [2025-06-06 16:07:49] $cat.col
INFO [2025-06-06 16:07:49] c("black", "black")
INFO [2025-06-06 16:07:49] 
