INFO [2025-06-06 15:51:32] $x
INFO [2025-06-06 15:51:32] list(Genetic = seed.taxa, Morphological = genetic.taxa)
INFO [2025-06-06 15:51:32] 
INFO [2025-06-06 15:51:32] $category.names
INFO [2025-06-06 15:51:32] c("Genetic Data", "Morphological Data")
INFO [2025-06-06 15:51:32] 
INFO [2025-06-06 15:51:32] $filename
INFO [2025-06-06 15:51:32] NULL
INFO [2025-06-06 15:51:32] 
INFO [2025-06-06 15:51:32] $output
INFO [2025-06-06 15:51:32] [1] TRUE
INFO [2025-06-06 15:51:32] 
INFO [2025-06-06 15:51:32] $col
INFO [2025-06-06 15:51:32] [1] "black"
INFO [2025-06-06 15:51:32] 
INFO [2025-06-06 15:51:32] $fill
INFO [2025-06-06 15:51:32] c("darkgreen", "orange")
INFO [2025-06-06 15:51:32] 
INFO [2025-06-06 15:51:32] $alpha
INFO [2025-06-06 15:51:32] [1] 0.5
INFO [2025-06-06 15:51:32] 
INFO [2025-06-06 15:51:32] $label.col
INFO [2025-06-06 15:51:32] c("white", "white", "black")
INFO [2025-06-06 15:51:32] 
INFO [2025-06-06 15:51:32] $cex
INFO [2025-06-06 15:51:32] [1] 2
INFO [2025-06-06 15:51:32] 
INFO [2025-06-06 15:51:32] $fontfamily
INFO [2025-06-06 15:51:32] [1] "sans"
INFO [2025-06-06 15:51:32] 
INFO [2025-06-06 15:51:32] $cat.cex
INFO [2025-06-06 15:51:32] [1] 2
INFO [2025-06-06 15:51:32] 
INFO [2025-06-06 15:51:32] $cat.fontfamily
INFO [2025-06-06 15:51:32] [1] "sans"
INFO [2025-06-06 15:51:32] 
INFO [2025-06-06 15:51:32] $cat.col
INFO [2025-06-06 15:51:32] c("black", "black")
INFO [2025-06-06 15:51:32] 
