INFO [2025-06-06 15:57:21] $x
INFO [2025-06-06 15:57:21] list(Genetic = seed.taxa, Morphological = genetic.taxa)
INFO [2025-06-06 15:57:21] 
INFO [2025-06-06 15:57:21] $category.names
INFO [2025-06-06 15:57:21] c("Genetic Data", "Morphological Data")
INFO [2025-06-06 15:57:21] 
INFO [2025-06-06 15:57:21] $filename
INFO [2025-06-06 15:57:21] NULL
INFO [2025-06-06 15:57:21] 
INFO [2025-06-06 15:57:21] $output
INFO [2025-06-06 15:57:21] [1] TRUE
INFO [2025-06-06 15:57:21] 
INFO [2025-06-06 15:57:21] $col
INFO [2025-06-06 15:57:21] [1] "black"
INFO [2025-06-06 15:57:21] 
INFO [2025-06-06 15:57:21] $fill
INFO [2025-06-06 15:57:21] c("darkgreen", "orange")
INFO [2025-06-06 15:57:21] 
INFO [2025-06-06 15:57:21] $alpha
INFO [2025-06-06 15:57:21] [1] 0.5
INFO [2025-06-06 15:57:21] 
INFO [2025-06-06 15:57:21] $label.col
INFO [2025-06-06 15:57:21] c("white", "white", "black")
INFO [2025-06-06 15:57:21] 
INFO [2025-06-06 15:57:21] $cex
INFO [2025-06-06 15:57:21] [1] 2
INFO [2025-06-06 15:57:21] 
INFO [2025-06-06 15:57:21] $fontfamily
INFO [2025-06-06 15:57:21] [1] "sans"
INFO [2025-06-06 15:57:21] 
INFO [2025-06-06 15:57:21] $cat.cex
INFO [2025-06-06 15:57:21] [1] 2
INFO [2025-06-06 15:57:21] 
INFO [2025-06-06 15:57:21] $cat.fontfamily
INFO [2025-06-06 15:57:21] [1] "sans"
INFO [2025-06-06 15:57:21] 
INFO [2025-06-06 15:57:21] $cat.col
INFO [2025-06-06 15:57:21] c("black", "black")
INFO [2025-06-06 15:57:21] 
