INFO [2025-06-06 16:07:29] $x
INFO [2025-06-06 16:07:29] list(Morphological = seed.taxa, Genetic = genetic.taxa)
INFO [2025-06-06 16:07:29] 
INFO [2025-06-06 16:07:29] $category.names
INFO [2025-06-06 16:07:29] c("Morpholigal Data", "Genetic Data")
INFO [2025-06-06 16:07:29] 
INFO [2025-06-06 16:07:29] $filename
INFO [2025-06-06 16:07:29] NULL
INFO [2025-06-06 16:07:29] 
INFO [2025-06-06 16:07:29] $output
INFO [2025-06-06 16:07:29] [1] TRUE
INFO [2025-06-06 16:07:29] 
INFO [2025-06-06 16:07:29] $col
INFO [2025-06-06 16:07:29] [1] "black"
INFO [2025-06-06 16:07:29] 
INFO [2025-06-06 16:07:29] $fill
INFO [2025-06-06 16:07:29] c("darkgreen", "orange")
INFO [2025-06-06 16:07:29] 
INFO [2025-06-06 16:07:29] $alpha
INFO [2025-06-06 16:07:29] [1] 0.5
INFO [2025-06-06 16:07:29] 
INFO [2025-06-06 16:07:29] $label.col
INFO [2025-06-06 16:07:29] c("white", "white", "black")
INFO [2025-06-06 16:07:29] 
INFO [2025-06-06 16:07:29] $cex
INFO [2025-06-06 16:07:29] [1] 2
INFO [2025-06-06 16:07:29] 
INFO [2025-06-06 16:07:29] $fontfamily
INFO [2025-06-06 16:07:29] [1] "sans"
INFO [2025-06-06 16:07:29] 
INFO [2025-06-06 16:07:29] $cat.cex
INFO [2025-06-06 16:07:29] [1] 2
INFO [2025-06-06 16:07:29] 
INFO [2025-06-06 16:07:29] $cat.fontfamily
INFO [2025-06-06 16:07:29] [1] "sans"
INFO [2025-06-06 16:07:29] 
INFO [2025-06-06 16:07:29] $cat.col
INFO [2025-06-06 16:07:29] c("black", "black")
INFO [2025-06-06 16:07:29] 
