INFO [2025-04-19 10:37:45] $x
INFO [2025-04-19 10:37:45] list(Genetic = list_det_onlygen$Genus, Morphological = list_seed_onlygen$Genus)
INFO [2025-04-19 10:37:45] 
INFO [2025-04-19 10:37:45] $category.names
INFO [2025-04-19 10:37:45] c("Genetic Data", "Morphological Data")
INFO [2025-04-19 10:37:45] 
INFO [2025-04-19 10:37:45] $filename
INFO [2025-04-19 10:37:45] NULL
INFO [2025-04-19 10:37:45] 
INFO [2025-04-19 10:37:45] $output
INFO [2025-04-19 10:37:45] [1] TRUE
INFO [2025-04-19 10:37:45] 
INFO [2025-04-19 10:37:45] $col
INFO [2025-04-19 10:37:45] [1] "black"
INFO [2025-04-19 10:37:45] 
INFO [2025-04-19 10:37:45] $fill
INFO [2025-04-19 10:37:45] c("darkgreen", "orange")
INFO [2025-04-19 10:37:45] 
INFO [2025-04-19 10:37:45] $alpha
INFO [2025-04-19 10:37:45] [1] 0.5
INFO [2025-04-19 10:37:45] 
INFO [2025-04-19 10:37:45] $label.col
INFO [2025-04-19 10:37:45] c("white", "white", "black")
INFO [2025-04-19 10:37:45] 
INFO [2025-04-19 10:37:45] $cex
INFO [2025-04-19 10:37:45] [1] 2
INFO [2025-04-19 10:37:45] 
INFO [2025-04-19 10:37:45] $fontfamily
INFO [2025-04-19 10:37:45] [1] "sans"
INFO [2025-04-19 10:37:45] 
INFO [2025-04-19 10:37:45] $cat.cex
INFO [2025-04-19 10:37:45] [1] 2
INFO [2025-04-19 10:37:45] 
INFO [2025-04-19 10:37:45] $cat.fontfamily
INFO [2025-04-19 10:37:45] [1] "sans"
INFO [2025-04-19 10:37:45] 
INFO [2025-04-19 10:37:45] $cat.col
INFO [2025-04-19 10:37:45] c("black", "black")
INFO [2025-04-19 10:37:45] 
