INFO [2025-04-19 12:58:41] $x
INFO [2025-04-19 12:58:41] list(Genetic = gen_list$Genus, Morphological = list_seed_onlygen$Genus)
INFO [2025-04-19 12:58:41] 
INFO [2025-04-19 12:58:41] $category.names
INFO [2025-04-19 12:58:41] c("Genetic Data", "Morphological Data")
INFO [2025-04-19 12:58:41] 
INFO [2025-04-19 12:58:41] $filename
INFO [2025-04-19 12:58:41] NULL
INFO [2025-04-19 12:58:41] 
INFO [2025-04-19 12:58:41] $output
INFO [2025-04-19 12:58:41] [1] TRUE
INFO [2025-04-19 12:58:41] 
INFO [2025-04-19 12:58:41] $col
INFO [2025-04-19 12:58:41] [1] "black"
INFO [2025-04-19 12:58:41] 
INFO [2025-04-19 12:58:41] $fill
INFO [2025-04-19 12:58:41] c("darkgreen", "orange")
INFO [2025-04-19 12:58:41] 
INFO [2025-04-19 12:58:41] $alpha
INFO [2025-04-19 12:58:41] [1] 0.5
INFO [2025-04-19 12:58:41] 
INFO [2025-04-19 12:58:41] $label.col
INFO [2025-04-19 12:58:41] c("white", "white", "black")
INFO [2025-04-19 12:58:41] 
INFO [2025-04-19 12:58:41] $cex
INFO [2025-04-19 12:58:41] [1] 2
INFO [2025-04-19 12:58:41] 
INFO [2025-04-19 12:58:41] $fontfamily
INFO [2025-04-19 12:58:41] [1] "sans"
INFO [2025-04-19 12:58:41] 
INFO [2025-04-19 12:58:41] $cat.cex
INFO [2025-04-19 12:58:41] [1] 2
INFO [2025-04-19 12:58:41] 
INFO [2025-04-19 12:58:41] $cat.fontfamily
INFO [2025-04-19 12:58:41] [1] "sans"
INFO [2025-04-19 12:58:41] 
INFO [2025-04-19 12:58:41] $cat.col
INFO [2025-04-19 12:58:41] c("black", "black")
INFO [2025-04-19 12:58:41] 
