INFO [2025-06-06 16:14:03] $x
INFO [2025-06-06 16:14:03] list(Genetic = genetic.taxa, Morphological = seed.taxa)
INFO [2025-06-06 16:14:03] 
INFO [2025-06-06 16:14:03] $category.names
INFO [2025-06-06 16:14:03] c("Morphological Data", "Genetic Data")
INFO [2025-06-06 16:14:03] 
INFO [2025-06-06 16:14:03] $filename
INFO [2025-06-06 16:14:03] NULL
INFO [2025-06-06 16:14:03] 
INFO [2025-06-06 16:14:03] $output
INFO [2025-06-06 16:14:03] [1] TRUE
INFO [2025-06-06 16:14:03] 
INFO [2025-06-06 16:14:03] $col
INFO [2025-06-06 16:14:03] [1] "black"
INFO [2025-06-06 16:14:03] 
INFO [2025-06-06 16:14:03] $fill
INFO [2025-06-06 16:14:03] c("green", "darkgreen")
INFO [2025-06-06 16:14:03] 
INFO [2025-06-06 16:14:03] $alpha
INFO [2025-06-06 16:14:03] [1] 0.5
INFO [2025-06-06 16:14:03] 
INFO [2025-06-06 16:14:03] $label.col
INFO [2025-06-06 16:14:03] c("white", "white", "black")
INFO [2025-06-06 16:14:03] 
INFO [2025-06-06 16:14:03] $cex
INFO [2025-06-06 16:14:03] [1] 2
INFO [2025-06-06 16:14:03] 
INFO [2025-06-06 16:14:03] $fontfamily
INFO [2025-06-06 16:14:03] [1] "sans"
INFO [2025-06-06 16:14:03] 
INFO [2025-06-06 16:14:03] $cat.cex
INFO [2025-06-06 16:14:03] [1] 2
INFO [2025-06-06 16:14:03] 
INFO [2025-06-06 16:14:03] $cat.fontfamily
INFO [2025-06-06 16:14:03] [1] "sans"
INFO [2025-06-06 16:14:03] 
INFO [2025-06-06 16:14:03] $cat.col
INFO [2025-06-06 16:14:03] c("black", "black")
INFO [2025-06-06 16:14:03] 
