INFO [2025-06-06 16:01:58] $x
INFO [2025-06-06 16:01:58] list(Genetic = genetic.taxa, Morphological = seed.taxa)
INFO [2025-06-06 16:01:58] 
INFO [2025-06-06 16:01:58] $category.names
INFO [2025-06-06 16:01:58] c("Genetic Data", "Morphological Data")
INFO [2025-06-06 16:01:58] 
INFO [2025-06-06 16:01:58] $filename
INFO [2025-06-06 16:01:58] NULL
INFO [2025-06-06 16:01:58] 
INFO [2025-06-06 16:01:58] $output
INFO [2025-06-06 16:01:58] [1] TRUE
INFO [2025-06-06 16:01:58] 
INFO [2025-06-06 16:01:58] $col
INFO [2025-06-06 16:01:58] [1] "black"
INFO [2025-06-06 16:01:58] 
INFO [2025-06-06 16:01:58] $fill
INFO [2025-06-06 16:01:58] c("darkgreen", "orange")
INFO [2025-06-06 16:01:58] 
INFO [2025-06-06 16:01:58] $alpha
INFO [2025-06-06 16:01:58] [1] 0.5
INFO [2025-06-06 16:01:58] 
INFO [2025-06-06 16:01:58] $label.col
INFO [2025-06-06 16:01:58] c("white", "white", "black")
INFO [2025-06-06 16:01:58] 
INFO [2025-06-06 16:01:58] $cex
INFO [2025-06-06 16:01:58] [1] 2
INFO [2025-06-06 16:01:58] 
INFO [2025-06-06 16:01:58] $fontfamily
INFO [2025-06-06 16:01:58] [1] "sans"
INFO [2025-06-06 16:01:58] 
INFO [2025-06-06 16:01:58] $cat.cex
INFO [2025-06-06 16:01:58] [1] 2
INFO [2025-06-06 16:01:58] 
INFO [2025-06-06 16:01:58] $cat.fontfamily
INFO [2025-06-06 16:01:58] [1] "sans"
INFO [2025-06-06 16:01:58] 
INFO [2025-06-06 16:01:58] $cat.col
INFO [2025-06-06 16:01:58] c("black", "black")
INFO [2025-06-06 16:01:58] 
