INFO [2025-04-19 10:43:03] $x
INFO [2025-04-19 10:43:03] list(Genetic = gen_list$Genus, Morphological = list_seed_onlygen$Genus)
INFO [2025-04-19 10:43:03] 
INFO [2025-04-19 10:43:03] $category.names
INFO [2025-04-19 10:43:03] c("Genetic Data", "Morphological Data")
INFO [2025-04-19 10:43:03] 
INFO [2025-04-19 10:43:03] $filename
INFO [2025-04-19 10:43:03] NULL
INFO [2025-04-19 10:43:03] 
INFO [2025-04-19 10:43:03] $output
INFO [2025-04-19 10:43:03] [1] TRUE
INFO [2025-04-19 10:43:03] 
INFO [2025-04-19 10:43:03] $col
INFO [2025-04-19 10:43:03] [1] "black"
INFO [2025-04-19 10:43:03] 
INFO [2025-04-19 10:43:03] $fill
INFO [2025-04-19 10:43:03] c("darkgreen", "orange")
INFO [2025-04-19 10:43:03] 
INFO [2025-04-19 10:43:03] $alpha
INFO [2025-04-19 10:43:03] [1] 0.5
INFO [2025-04-19 10:43:03] 
INFO [2025-04-19 10:43:03] $label.col
INFO [2025-04-19 10:43:03] c("white", "white", "black")
INFO [2025-04-19 10:43:03] 
INFO [2025-04-19 10:43:03] $cex
INFO [2025-04-19 10:43:03] [1] 2
INFO [2025-04-19 10:43:03] 
INFO [2025-04-19 10:43:03] $fontfamily
INFO [2025-04-19 10:43:03] [1] "sans"
INFO [2025-04-19 10:43:03] 
INFO [2025-04-19 10:43:03] $cat.cex
INFO [2025-04-19 10:43:03] [1] 2
INFO [2025-04-19 10:43:03] 
INFO [2025-04-19 10:43:03] $cat.fontfamily
INFO [2025-04-19 10:43:03] [1] "sans"
INFO [2025-04-19 10:43:03] 
INFO [2025-04-19 10:43:03] $cat.col
INFO [2025-04-19 10:43:03] c("black", "black")
INFO [2025-04-19 10:43:03] 
