INFO [2025-06-06 16:10:55] $x
INFO [2025-06-06 16:10:55] list(Morphological = seed.taxa, Genetic = genetic.taxa)
INFO [2025-06-06 16:10:55] 
INFO [2025-06-06 16:10:55] $category.names
INFO [2025-06-06 16:10:55] c("Morphological Data", "Genetic Data")
INFO [2025-06-06 16:10:55] 
INFO [2025-06-06 16:10:55] $filename
INFO [2025-06-06 16:10:55] NULL
INFO [2025-06-06 16:10:55] 
INFO [2025-06-06 16:10:55] $output
INFO [2025-06-06 16:10:55] [1] TRUE
INFO [2025-06-06 16:10:55] 
INFO [2025-06-06 16:10:55] $col
INFO [2025-06-06 16:10:55] [1] "black"
INFO [2025-06-06 16:10:55] 
INFO [2025-06-06 16:10:55] $fill
INFO [2025-06-06 16:10:55] c("green", "darkgreen")
INFO [2025-06-06 16:10:55] 
INFO [2025-06-06 16:10:55] $alpha
INFO [2025-06-06 16:10:55] [1] 0.5
INFO [2025-06-06 16:10:55] 
INFO [2025-06-06 16:10:55] $label.col
INFO [2025-06-06 16:10:55] c("white", "white", "black")
INFO [2025-06-06 16:10:55] 
INFO [2025-06-06 16:10:55] $cex
INFO [2025-06-06 16:10:55] [1] 2
INFO [2025-06-06 16:10:55] 
INFO [2025-06-06 16:10:55] $fontfamily
INFO [2025-06-06 16:10:55] [1] "sans"
INFO [2025-06-06 16:10:55] 
INFO [2025-06-06 16:10:55] $cat.cex
INFO [2025-06-06 16:10:55] [1] 2
INFO [2025-06-06 16:10:55] 
INFO [2025-06-06 16:10:55] $cat.fontfamily
INFO [2025-06-06 16:10:55] [1] "sans"
INFO [2025-06-06 16:10:55] 
INFO [2025-06-06 16:10:55] $cat.col
INFO [2025-06-06 16:10:55] c("black", "black")
INFO [2025-06-06 16:10:55] 
