INFO [2025-06-06 15:49:54] $x
INFO [2025-06-06 15:49:54] list(Genetic = seed.taxa, Morphological = genetic.taxa)
INFO [2025-06-06 15:49:54] 
INFO [2025-06-06 15:49:54] $category.names
INFO [2025-06-06 15:49:54] c("Genetic Data", "Morphological Data")
INFO [2025-06-06 15:49:54] 
INFO [2025-06-06 15:49:54] $filename
INFO [2025-06-06 15:49:54] NULL
INFO [2025-06-06 15:49:54] 
INFO [2025-06-06 15:49:54] $output
INFO [2025-06-06 15:49:54] [1] TRUE
INFO [2025-06-06 15:49:54] 
INFO [2025-06-06 15:49:54] $col
INFO [2025-06-06 15:49:54] [1] "black"
INFO [2025-06-06 15:49:54] 
INFO [2025-06-06 15:49:54] $fill
INFO [2025-06-06 15:49:54] c("darkgreen", "orange")
INFO [2025-06-06 15:49:54] 
INFO [2025-06-06 15:49:54] $alpha
INFO [2025-06-06 15:49:54] [1] 0.5
INFO [2025-06-06 15:49:54] 
INFO [2025-06-06 15:49:54] $label.col
INFO [2025-06-06 15:49:54] c("white", "white", "black")
INFO [2025-06-06 15:49:54] 
INFO [2025-06-06 15:49:54] $cex
INFO [2025-06-06 15:49:54] [1] 2
INFO [2025-06-06 15:49:54] 
INFO [2025-06-06 15:49:54] $fontfamily
INFO [2025-06-06 15:49:54] [1] "sans"
INFO [2025-06-06 15:49:54] 
INFO [2025-06-06 15:49:54] $cat.cex
INFO [2025-06-06 15:49:54] [1] 2
INFO [2025-06-06 15:49:54] 
INFO [2025-06-06 15:49:54] $cat.fontfamily
INFO [2025-06-06 15:49:54] [1] "sans"
INFO [2025-06-06 15:49:54] 
INFO [2025-06-06 15:49:54] $cat.col
INFO [2025-06-06 15:49:54] c("black", "black")
INFO [2025-06-06 15:49:54] 
