INFO [2025-06-06 16:04:18] $x
INFO [2025-06-06 16:04:18] list(Genetic = genetic.taxa, Morphological = seed.taxa)
INFO [2025-06-06 16:04:18] 
INFO [2025-06-06 16:04:18] $category.names
INFO [2025-06-06 16:04:18] c("Genetic Data", "Morphological Data")
INFO [2025-06-06 16:04:18] 
INFO [2025-06-06 16:04:18] $filename
INFO [2025-06-06 16:04:18] NULL
INFO [2025-06-06 16:04:18] 
INFO [2025-06-06 16:04:18] $output
INFO [2025-06-06 16:04:18] [1] TRUE
INFO [2025-06-06 16:04:18] 
INFO [2025-06-06 16:04:18] $col
INFO [2025-06-06 16:04:18] [1] "black"
INFO [2025-06-06 16:04:18] 
INFO [2025-06-06 16:04:18] $fill
INFO [2025-06-06 16:04:18] c("darkgreen", "orange")
INFO [2025-06-06 16:04:18] 
INFO [2025-06-06 16:04:18] $alpha
INFO [2025-06-06 16:04:18] [1] 0.5
INFO [2025-06-06 16:04:18] 
INFO [2025-06-06 16:04:18] $label.col
INFO [2025-06-06 16:04:18] c("white", "white", "black")
INFO [2025-06-06 16:04:18] 
INFO [2025-06-06 16:04:18] $cex
INFO [2025-06-06 16:04:18] [1] 2
INFO [2025-06-06 16:04:18] 
INFO [2025-06-06 16:04:18] $fontfamily
INFO [2025-06-06 16:04:18] [1] "sans"
INFO [2025-06-06 16:04:18] 
INFO [2025-06-06 16:04:18] $cat.cex
INFO [2025-06-06 16:04:18] [1] 2
INFO [2025-06-06 16:04:18] 
INFO [2025-06-06 16:04:18] $cat.fontfamily
INFO [2025-06-06 16:04:18] [1] "sans"
INFO [2025-06-06 16:04:18] 
INFO [2025-06-06 16:04:18] $cat.col
INFO [2025-06-06 16:04:18] c("black", "black")
INFO [2025-06-06 16:04:18] 
