INFO [2025-06-06 16:04:50] $x
INFO [2025-06-06 16:04:50] df(Genetic = genetic.taxa, Morphological = seed.taxa)
INFO [2025-06-06 16:04:50] 
INFO [2025-06-06 16:04:50] $category.names
INFO [2025-06-06 16:04:50] c("Genetic Data", "Morphological Data")
INFO [2025-06-06 16:04:50] 
INFO [2025-06-06 16:04:50] $filename
INFO [2025-06-06 16:04:50] NULL
INFO [2025-06-06 16:04:50] 
INFO [2025-06-06 16:04:50] $output
INFO [2025-06-06 16:04:50] [1] TRUE
INFO [2025-06-06 16:04:50] 
INFO [2025-06-06 16:04:50] $col
INFO [2025-06-06 16:04:50] [1] "black"
INFO [2025-06-06 16:04:50] 
INFO [2025-06-06 16:04:50] $fill
INFO [2025-06-06 16:04:50] c("darkgreen", "orange")
INFO [2025-06-06 16:04:50] 
INFO [2025-06-06 16:04:50] $alpha
INFO [2025-06-06 16:04:50] [1] 0.5
INFO [2025-06-06 16:04:50] 
INFO [2025-06-06 16:04:50] $label.col
INFO [2025-06-06 16:04:50] c("white", "white", "black")
INFO [2025-06-06 16:04:50] 
INFO [2025-06-06 16:04:50] $cex
INFO [2025-06-06 16:04:50] [1] 2
INFO [2025-06-06 16:04:50] 
INFO [2025-06-06 16:04:50] $fontfamily
INFO [2025-06-06 16:04:50] [1] "sans"
INFO [2025-06-06 16:04:50] 
INFO [2025-06-06 16:04:50] $cat.cex
INFO [2025-06-06 16:04:50] [1] 2
INFO [2025-06-06 16:04:50] 
INFO [2025-06-06 16:04:50] $cat.fontfamily
INFO [2025-06-06 16:04:50] [1] "sans"
INFO [2025-06-06 16:04:50] 
INFO [2025-06-06 16:04:50] $cat.col
INFO [2025-06-06 16:04:50] c("black", "black")
INFO [2025-06-06 16:04:50] 
