INFO [2025-04-25 14:59:07] $x
INFO [2025-04-25 14:59:07] list(Genetic = seed.taxa, Morphological = genetic.taxa)
INFO [2025-04-25 14:59:07] 
INFO [2025-04-25 14:59:07] $category.names
INFO [2025-04-25 14:59:07] c("Genetic Data", "Morphological Data")
INFO [2025-04-25 14:59:07] 
INFO [2025-04-25 14:59:07] $filename
INFO [2025-04-25 14:59:07] NULL
INFO [2025-04-25 14:59:07] 
INFO [2025-04-25 14:59:07] $output
INFO [2025-04-25 14:59:07] [1] TRUE
INFO [2025-04-25 14:59:07] 
INFO [2025-04-25 14:59:07] $col
INFO [2025-04-25 14:59:07] [1] "black"
INFO [2025-04-25 14:59:07] 
INFO [2025-04-25 14:59:07] $fill
INFO [2025-04-25 14:59:07] c("darkgreen", "orange")
INFO [2025-04-25 14:59:07] 
INFO [2025-04-25 14:59:07] $alpha
INFO [2025-04-25 14:59:07] [1] 0.5
INFO [2025-04-25 14:59:07] 
INFO [2025-04-25 14:59:07] $label.col
INFO [2025-04-25 14:59:07] c("white", "white", "black")
INFO [2025-04-25 14:59:07] 
INFO [2025-04-25 14:59:07] $cex
INFO [2025-04-25 14:59:07] [1] 2
INFO [2025-04-25 14:59:07] 
INFO [2025-04-25 14:59:07] $fontfamily
INFO [2025-04-25 14:59:07] [1] "sans"
INFO [2025-04-25 14:59:07] 
INFO [2025-04-25 14:59:07] $cat.cex
INFO [2025-04-25 14:59:07] [1] 2
INFO [2025-04-25 14:59:07] 
INFO [2025-04-25 14:59:07] $cat.fontfamily
INFO [2025-04-25 14:59:07] [1] "sans"
INFO [2025-04-25 14:59:07] 
INFO [2025-04-25 14:59:07] $cat.col
INFO [2025-04-25 14:59:07] c("black", "black")
INFO [2025-04-25 14:59:07] 
