INFO [2025-06-06 16:12:01] $x
INFO [2025-06-06 16:12:01] list(Morphological = seed.taxa, Genetic = genetic.taxa)
INFO [2025-06-06 16:12:01] 
INFO [2025-06-06 16:12:01] $category.names
INFO [2025-06-06 16:12:01] c("Morphological Data", "Genetic Data")
INFO [2025-06-06 16:12:01] 
INFO [2025-06-06 16:12:01] $filename
INFO [2025-06-06 16:12:01] NULL
INFO [2025-06-06 16:12:01] 
INFO [2025-06-06 16:12:01] $output
INFO [2025-06-06 16:12:01] [1] TRUE
INFO [2025-06-06 16:12:01] 
INFO [2025-06-06 16:12:01] $col
INFO [2025-06-06 16:12:01] [1] "black"
INFO [2025-06-06 16:12:01] 
INFO [2025-06-06 16:12:01] $fill
INFO [2025-06-06 16:12:01] c("green", "darkgreen")
INFO [2025-06-06 16:12:01] 
INFO [2025-06-06 16:12:01] $alpha
INFO [2025-06-06 16:12:01] [1] 0.5
INFO [2025-06-06 16:12:01] 
INFO [2025-06-06 16:12:01] $label.col
INFO [2025-06-06 16:12:01] c("white", "white", "black")
INFO [2025-06-06 16:12:01] 
INFO [2025-06-06 16:12:01] $cex
INFO [2025-06-06 16:12:01] [1] 2
INFO [2025-06-06 16:12:01] 
INFO [2025-06-06 16:12:01] $fontfamily
INFO [2025-06-06 16:12:01] [1] "sans"
INFO [2025-06-06 16:12:01] 
INFO [2025-06-06 16:12:01] $cat.cex
INFO [2025-06-06 16:12:01] [1] 2
INFO [2025-06-06 16:12:01] 
INFO [2025-06-06 16:12:01] $cat.fontfamily
INFO [2025-06-06 16:12:01] [1] "sans"
INFO [2025-06-06 16:12:01] 
INFO [2025-06-06 16:12:01] $cat.col
INFO [2025-06-06 16:12:01] c("black", "black")
INFO [2025-06-06 16:12:01] 
