INFO [2025-06-06 16:06:22] $x
INFO [2025-06-06 16:06:22] list(Genetic = genetic.taxa, Morphological = seed.taxa)
INFO [2025-06-06 16:06:22] 
INFO [2025-06-06 16:06:22] $category.names
INFO [2025-06-06 16:06:22] c("Genetic Data", "Morphological Data")
INFO [2025-06-06 16:06:22] 
INFO [2025-06-06 16:06:22] $filename
INFO [2025-06-06 16:06:22] NULL
INFO [2025-06-06 16:06:22] 
INFO [2025-06-06 16:06:22] $output
INFO [2025-06-06 16:06:22] [1] TRUE
INFO [2025-06-06 16:06:22] 
INFO [2025-06-06 16:06:22] $col
INFO [2025-06-06 16:06:22] [1] "black"
INFO [2025-06-06 16:06:22] 
INFO [2025-06-06 16:06:22] $fill
INFO [2025-06-06 16:06:22] c("darkgreen", "orange")
INFO [2025-06-06 16:06:22] 
INFO [2025-06-06 16:06:22] $alpha
INFO [2025-06-06 16:06:22] [1] 0.5
INFO [2025-06-06 16:06:22] 
INFO [2025-06-06 16:06:22] $label.col
INFO [2025-06-06 16:06:22] c("white", "white", "black")
INFO [2025-06-06 16:06:22] 
INFO [2025-06-06 16:06:22] $cex
INFO [2025-06-06 16:06:22] [1] 2
INFO [2025-06-06 16:06:22] 
INFO [2025-06-06 16:06:22] $fontfamily
INFO [2025-06-06 16:06:22] [1] "sans"
INFO [2025-06-06 16:06:22] 
INFO [2025-06-06 16:06:22] $cat.cex
INFO [2025-06-06 16:06:22] [1] 2
INFO [2025-06-06 16:06:22] 
INFO [2025-06-06 16:06:22] $cat.fontfamily
INFO [2025-06-06 16:06:22] [1] "sans"
INFO [2025-06-06 16:06:22] 
INFO [2025-06-06 16:06:22] $cat.col
INFO [2025-06-06 16:06:22] c("black", "black")
INFO [2025-06-06 16:06:22] 
