INFO [2025-06-06 16:09:10] $x
INFO [2025-06-06 16:09:10] list(Morphological = seed.taxa, Genetic = genetic.taxa)
INFO [2025-06-06 16:09:10] 
INFO [2025-06-06 16:09:10] $category.names
INFO [2025-06-06 16:09:10] c("Morphological Data", "Genetic Data")
INFO [2025-06-06 16:09:10] 
INFO [2025-06-06 16:09:10] $filename
INFO [2025-06-06 16:09:10] NULL
INFO [2025-06-06 16:09:10] 
INFO [2025-06-06 16:09:10] $output
INFO [2025-06-06 16:09:10] [1] TRUE
INFO [2025-06-06 16:09:10] 
INFO [2025-06-06 16:09:10] $col
INFO [2025-06-06 16:09:10] [1] "black"
INFO [2025-06-06 16:09:10] 
INFO [2025-06-06 16:09:10] $fill
INFO [2025-06-06 16:09:10] c("green", "darkgreen")
INFO [2025-06-06 16:09:10] 
INFO [2025-06-06 16:09:10] $alpha
INFO [2025-06-06 16:09:10] [1] 0.5
INFO [2025-06-06 16:09:10] 
INFO [2025-06-06 16:09:10] $label.col
INFO [2025-06-06 16:09:10] c("white", "white", "black")
INFO [2025-06-06 16:09:10] 
INFO [2025-06-06 16:09:10] $cex
INFO [2025-06-06 16:09:10] [1] 2
INFO [2025-06-06 16:09:10] 
INFO [2025-06-06 16:09:10] $fontfamily
INFO [2025-06-06 16:09:10] [1] "sans"
INFO [2025-06-06 16:09:10] 
INFO [2025-06-06 16:09:10] $cat.cex
INFO [2025-06-06 16:09:10] [1] 2
INFO [2025-06-06 16:09:10] 
INFO [2025-06-06 16:09:10] $cat.fontfamily
INFO [2025-06-06 16:09:10] [1] "sans"
INFO [2025-06-06 16:09:10] 
INFO [2025-06-06 16:09:10] $cat.col
INFO [2025-06-06 16:09:10] c("black", "black")
INFO [2025-06-06 16:09:10] 
