INFO [2025-06-06 16:06:48] $x
INFO [2025-06-06 16:06:48] list(Morphological = seed.taxa, Genetic = genetic.taxa)
INFO [2025-06-06 16:06:48] 
INFO [2025-06-06 16:06:48] $category.names
INFO [2025-06-06 16:06:48] c("Genetic Data", "Morphological Data")
INFO [2025-06-06 16:06:48] 
INFO [2025-06-06 16:06:48] $filename
INFO [2025-06-06 16:06:48] NULL
INFO [2025-06-06 16:06:48] 
INFO [2025-06-06 16:06:48] $output
INFO [2025-06-06 16:06:48] [1] TRUE
INFO [2025-06-06 16:06:48] 
INFO [2025-06-06 16:06:48] $col
INFO [2025-06-06 16:06:48] [1] "black"
INFO [2025-06-06 16:06:48] 
INFO [2025-06-06 16:06:48] $fill
INFO [2025-06-06 16:06:48] c("darkgreen", "orange")
INFO [2025-06-06 16:06:48] 
INFO [2025-06-06 16:06:48] $alpha
INFO [2025-06-06 16:06:48] [1] 0.5
INFO [2025-06-06 16:06:48] 
INFO [2025-06-06 16:06:48] $label.col
INFO [2025-06-06 16:06:48] c("white", "white", "black")
INFO [2025-06-06 16:06:48] 
INFO [2025-06-06 16:06:48] $cex
INFO [2025-06-06 16:06:48] [1] 2
INFO [2025-06-06 16:06:48] 
INFO [2025-06-06 16:06:48] $fontfamily
INFO [2025-06-06 16:06:48] [1] "sans"
INFO [2025-06-06 16:06:48] 
INFO [2025-06-06 16:06:48] $cat.cex
INFO [2025-06-06 16:06:48] [1] 2
INFO [2025-06-06 16:06:48] 
INFO [2025-06-06 16:06:48] $cat.fontfamily
INFO [2025-06-06 16:06:48] [1] "sans"
INFO [2025-06-06 16:06:48] 
INFO [2025-06-06 16:06:48] $cat.col
INFO [2025-06-06 16:06:48] c("black", "black")
INFO [2025-06-06 16:06:48] 
