INFO [2025-04-19 10:38:06] $x
INFO [2025-04-19 10:38:06] list(Genetic = list_det_onlygen$Genus, Morphological = list_seed_onlygen$Genus)
INFO [2025-04-19 10:38:06] 
INFO [2025-04-19 10:38:06] $category.names
INFO [2025-04-19 10:38:06] c("Genetic Data", "Morphological Data")
INFO [2025-04-19 10:38:06] 
INFO [2025-04-19 10:38:06] $filename
INFO [2025-04-19 10:38:06] NULL
INFO [2025-04-19 10:38:06] 
INFO [2025-04-19 10:38:06] $output
INFO [2025-04-19 10:38:06] [1] TRUE
INFO [2025-04-19 10:38:06] 
INFO [2025-04-19 10:38:06] $col
INFO [2025-04-19 10:38:06] [1] "black"
INFO [2025-04-19 10:38:06] 
INFO [2025-04-19 10:38:06] $fill
INFO [2025-04-19 10:38:06] c("darkgreen", "orange")
INFO [2025-04-19 10:38:06] 
INFO [2025-04-19 10:38:06] $alpha
INFO [2025-04-19 10:38:06] [1] 0.5
INFO [2025-04-19 10:38:06] 
INFO [2025-04-19 10:38:06] $label.col
INFO [2025-04-19 10:38:06] c("white", "white", "black")
INFO [2025-04-19 10:38:06] 
INFO [2025-04-19 10:38:06] $cex
INFO [2025-04-19 10:38:06] [1] 2
INFO [2025-04-19 10:38:06] 
INFO [2025-04-19 10:38:06] $fontfamily
INFO [2025-04-19 10:38:06] [1] "sans"
INFO [2025-04-19 10:38:06] 
INFO [2025-04-19 10:38:06] $cat.cex
INFO [2025-04-19 10:38:06] [1] 2
INFO [2025-04-19 10:38:06] 
INFO [2025-04-19 10:38:06] $cat.fontfamily
INFO [2025-04-19 10:38:06] [1] "sans"
INFO [2025-04-19 10:38:06] 
INFO [2025-04-19 10:38:06] $cat.col
INFO [2025-04-19 10:38:06] c("black", "black")
INFO [2025-04-19 10:38:06] 
