INFO [2025-04-19 13:02:08] $x
INFO [2025-04-19 13:02:08] list(Genetic = gen_list$Genus, Morphological = list_seed_onlygen$Genus)
INFO [2025-04-19 13:02:08] 
INFO [2025-04-19 13:02:08] $category.names
INFO [2025-04-19 13:02:08] c("Genetic Data", "Morphological Data")
INFO [2025-04-19 13:02:08] 
INFO [2025-04-19 13:02:08] $filename
INFO [2025-04-19 13:02:08] NULL
INFO [2025-04-19 13:02:08] 
INFO [2025-04-19 13:02:08] $output
INFO [2025-04-19 13:02:08] [1] TRUE
INFO [2025-04-19 13:02:08] 
INFO [2025-04-19 13:02:08] $col
INFO [2025-04-19 13:02:08] [1] "black"
INFO [2025-04-19 13:02:08] 
INFO [2025-04-19 13:02:08] $fill
INFO [2025-04-19 13:02:08] c("darkgreen", "orange")
INFO [2025-04-19 13:02:08] 
INFO [2025-04-19 13:02:08] $alpha
INFO [2025-04-19 13:02:08] [1] 0.5
INFO [2025-04-19 13:02:08] 
INFO [2025-04-19 13:02:08] $label.col
INFO [2025-04-19 13:02:08] c("white", "white", "black")
INFO [2025-04-19 13:02:08] 
INFO [2025-04-19 13:02:08] $cex
INFO [2025-04-19 13:02:08] [1] 2
INFO [2025-04-19 13:02:08] 
INFO [2025-04-19 13:02:08] $fontfamily
INFO [2025-04-19 13:02:08] [1] "sans"
INFO [2025-04-19 13:02:08] 
INFO [2025-04-19 13:02:08] $cat.cex
INFO [2025-04-19 13:02:08] [1] 2
INFO [2025-04-19 13:02:08] 
INFO [2025-04-19 13:02:08] $cat.fontfamily
INFO [2025-04-19 13:02:08] [1] "sans"
INFO [2025-04-19 13:02:08] 
INFO [2025-04-19 13:02:08] $cat.col
INFO [2025-04-19 13:02:08] c("black", "black")
INFO [2025-04-19 13:02:08] 
