INFO [2025-06-06 16:11:14] $x
INFO [2025-06-06 16:11:14] list(Morphological = seed.taxa, Genetic = genetic.taxa)
INFO [2025-06-06 16:11:14] 
INFO [2025-06-06 16:11:14] $category.names
INFO [2025-06-06 16:11:14] c("Genetic Data", "Morphological Data")
INFO [2025-06-06 16:11:14] 
INFO [2025-06-06 16:11:14] $filename
INFO [2025-06-06 16:11:14] NULL
INFO [2025-06-06 16:11:14] 
INFO [2025-06-06 16:11:14] $output
INFO [2025-06-06 16:11:14] [1] TRUE
INFO [2025-06-06 16:11:14] 
INFO [2025-06-06 16:11:14] $col
INFO [2025-06-06 16:11:14] [1] "black"
INFO [2025-06-06 16:11:14] 
INFO [2025-06-06 16:11:14] $fill
INFO [2025-06-06 16:11:14] c("green", "darkgreen")
INFO [2025-06-06 16:11:14] 
INFO [2025-06-06 16:11:14] $alpha
INFO [2025-06-06 16:11:14] [1] 0.5
INFO [2025-06-06 16:11:14] 
INFO [2025-06-06 16:11:14] $label.col
INFO [2025-06-06 16:11:14] c("white", "white", "black")
INFO [2025-06-06 16:11:14] 
INFO [2025-06-06 16:11:14] $cex
INFO [2025-06-06 16:11:14] [1] 2
INFO [2025-06-06 16:11:14] 
INFO [2025-06-06 16:11:14] $fontfamily
INFO [2025-06-06 16:11:14] [1] "sans"
INFO [2025-06-06 16:11:14] 
INFO [2025-06-06 16:11:14] $cat.cex
INFO [2025-06-06 16:11:14] [1] 2
INFO [2025-06-06 16:11:14] 
INFO [2025-06-06 16:11:14] $cat.fontfamily
INFO [2025-06-06 16:11:14] [1] "sans"
INFO [2025-06-06 16:11:14] 
INFO [2025-06-06 16:11:14] $cat.col
INFO [2025-06-06 16:11:14] c("black", "black")
INFO [2025-06-06 16:11:14] 
