INFO [2025-06-06 16:00:59] $x
INFO [2025-06-06 16:00:59] list(Genetic = seed.taxa, Morphological = genetic.taxa)
INFO [2025-06-06 16:00:59] 
INFO [2025-06-06 16:00:59] $category.names
INFO [2025-06-06 16:00:59] c("Genetic Data", "Morphological Data")
INFO [2025-06-06 16:00:59] 
INFO [2025-06-06 16:00:59] $filename
INFO [2025-06-06 16:00:59] NULL
INFO [2025-06-06 16:00:59] 
INFO [2025-06-06 16:00:59] $output
INFO [2025-06-06 16:00:59] [1] TRUE
INFO [2025-06-06 16:00:59] 
INFO [2025-06-06 16:00:59] $col
INFO [2025-06-06 16:00:59] [1] "black"
INFO [2025-06-06 16:00:59] 
INFO [2025-06-06 16:00:59] $fill
INFO [2025-06-06 16:00:59] c("darkgreen", "orange")
INFO [2025-06-06 16:00:59] 
INFO [2025-06-06 16:00:59] $alpha
INFO [2025-06-06 16:00:59] [1] 0.5
INFO [2025-06-06 16:00:59] 
INFO [2025-06-06 16:00:59] $label.col
INFO [2025-06-06 16:00:59] c("white", "white", "black")
INFO [2025-06-06 16:00:59] 
INFO [2025-06-06 16:00:59] $cex
INFO [2025-06-06 16:00:59] [1] 2
INFO [2025-06-06 16:00:59] 
INFO [2025-06-06 16:00:59] $fontfamily
INFO [2025-06-06 16:00:59] [1] "sans"
INFO [2025-06-06 16:00:59] 
INFO [2025-06-06 16:00:59] $cat.cex
INFO [2025-06-06 16:00:59] [1] 2
INFO [2025-06-06 16:00:59] 
INFO [2025-06-06 16:00:59] $cat.fontfamily
INFO [2025-06-06 16:00:59] [1] "sans"
INFO [2025-06-06 16:00:59] 
INFO [2025-06-06 16:00:59] $cat.col
INFO [2025-06-06 16:00:59] c("black", "black")
INFO [2025-06-06 16:00:59] 
